[2m2017-10-24 12:26:21.629[0;39m [32m INFO[0;39m [35m7620[0;39m [2m[background-preinit][0;39m [36mVersion.java:30[0;39m [2m:[0;39m HV000001: Hibernate Validator 5.3.5.Final
[2m2017-10-24 12:26:26.296[0;39m [32m INFO[0;39m [35m7620[0;39m [2m[main][0;39m [36mVersion.java:37[0;39m [2m:[0;39m HHH000412: Hibernate Core {5.0.12.Final}
[2m2017-10-24 12:26:26.301[0;39m [32m INFO[0;39m [35m7620[0;39m [2m[main][0;39m [36mEnvironment.java:213[0;39m [2m:[0;39m HHH000206: hibernate.properties not found
[2m2017-10-24 12:26:26.305[0;39m [32m INFO[0;39m [35m7620[0;39m [2m[main][0;39m [36mEnvironment.java:317[0;39m [2m:[0;39m HHH000021: Bytecode provider name : javassist
[2m2017-10-24 12:26:26.425[0;39m [32m INFO[0;39m [35m7620[0;39m [2m[main][0;39m [36mJavaReflectionManager.java:66[0;39m [2m:[0;39m HCANN000001: Hibernate Commons Annotations {5.0.1.Final}
[2m2017-10-24 12:26:26.810[0;39m [32m INFO[0;39m [35m7620[0;39m [2m[main][0;39m [36mDialect.java:156[0;39m [2m:[0;39m HHH000400: Using dialect: org.hibernate.dialect.MySQL5Dialect
[2m2017-10-24 12:26:27.498[0;39m [32m INFO[0;39m [35m7620[0;39m [2m[main][0;39m [36mSchemaUpdate.java:105[0;39m [2m:[0;39m HHH000228: Running hbm2ddl schema update
[2m2017-10-24 12:27:57.786[0;39m [32m INFO[0;39m [35m5376[0;39m [2m[background-preinit][0;39m [36mVersion.java:30[0;39m [2m:[0;39m HV000001: Hibernate Validator 5.3.5.Final
[2m2017-10-24 12:28:02.637[0;39m [32m INFO[0;39m [35m5376[0;39m [2m[main][0;39m [36mVersion.java:37[0;39m [2m:[0;39m HHH000412: Hibernate Core {5.0.12.Final}
[2m2017-10-24 12:28:02.641[0;39m [32m INFO[0;39m [35m5376[0;39m [2m[main][0;39m [36mEnvironment.java:213[0;39m [2m:[0;39m HHH000206: hibernate.properties not found
[2m2017-10-24 12:28:02.644[0;39m [32m INFO[0;39m [35m5376[0;39m [2m[main][0;39m [36mEnvironment.java:317[0;39m [2m:[0;39m HHH000021: Bytecode provider name : javassist
[2m2017-10-24 12:28:02.772[0;39m [32m INFO[0;39m [35m5376[0;39m [2m[main][0;39m [36mJavaReflectionManager.java:66[0;39m [2m:[0;39m HCANN000001: Hibernate Commons Annotations {5.0.1.Final}
[2m2017-10-24 12:28:03.118[0;39m [32m INFO[0;39m [35m5376[0;39m [2m[main][0;39m [36mDialect.java:156[0;39m [2m:[0;39m HHH000400: Using dialect: org.hibernate.dialect.MySQL5Dialect
[2m2017-10-24 12:28:03.762[0;39m [32m INFO[0;39m [35m5376[0;39m [2m[main][0;39m [36mSchemaUpdate.java:105[0;39m [2m:[0;39m HHH000228: Running hbm2ddl schema update
[2m2017-10-24 12:29:09.956[0;39m [32m INFO[0;39m [35m4564[0;39m [2m[background-preinit][0;39m [36mVersion.java:30[0;39m [2m:[0;39m HV000001: Hibernate Validator 5.3.5.Final
[2m2017-10-24 12:29:14.896[0;39m [32m INFO[0;39m [35m4564[0;39m [2m[main][0;39m [36mVersion.java:37[0;39m [2m:[0;39m HHH000412: Hibernate Core {5.0.12.Final}
[2m2017-10-24 12:29:14.901[0;39m [32m INFO[0;39m [35m4564[0;39m [2m[main][0;39m [36mEnvironment.java:213[0;39m [2m:[0;39m HHH000206: hibernate.properties not found
[2m2017-10-24 12:29:14.904[0;39m [32m INFO[0;39m [35m4564[0;39m [2m[main][0;39m [36mEnvironment.java:317[0;39m [2m:[0;39m HHH000021: Bytecode provider name : javassist
[2m2017-10-24 12:29:15.028[0;39m [32m INFO[0;39m [35m4564[0;39m [2m[main][0;39m [36mJavaReflectionManager.java:66[0;39m [2m:[0;39m HCANN000001: Hibernate Commons Annotations {5.0.1.Final}
[2m2017-10-24 12:29:15.464[0;39m [32m INFO[0;39m [35m4564[0;39m [2m[main][0;39m [36mDialect.java:156[0;39m [2m:[0;39m HHH000400: Using dialect: org.hibernate.dialect.MySQL5Dialect
[2m2017-10-24 12:29:16.163[0;39m [32m INFO[0;39m [35m4564[0;39m [2m[main][0;39m [36mSchemaUpdate.java:105[0;39m [2m:[0;39m HHH000228: Running hbm2ddl schema update
[2m2017-10-24 12:33:52.464[0;39m [32m INFO[0;39m [35m12812[0;39m [2m[background-preinit][0;39m [36mVersion.java:30[0;39m [2m:[0;39m HV000001: Hibernate Validator 5.3.5.Final
[2m2017-10-24 12:33:57.207[0;39m [32m INFO[0;39m [35m12812[0;39m [2m[main][0;39m [36mVersion.java:37[0;39m [2m:[0;39m HHH000412: Hibernate Core {5.0.12.Final}
[2m2017-10-24 12:33:57.212[0;39m [32m INFO[0;39m [35m12812[0;39m [2m[main][0;39m [36mEnvironment.java:213[0;39m [2m:[0;39m HHH000206: hibernate.properties not found
[2m2017-10-24 12:33:57.215[0;39m [32m INFO[0;39m [35m12812[0;39m [2m[main][0;39m [36mEnvironment.java:317[0;39m [2m:[0;39m HHH000021: Bytecode provider name : javassist
[2m2017-10-24 12:33:57.354[0;39m [32m INFO[0;39m [35m12812[0;39m [2m[main][0;39m [36mJavaReflectionManager.java:66[0;39m [2m:[0;39m HCANN000001: Hibernate Commons Annotations {5.0.1.Final}
[2m2017-10-24 12:33:57.849[0;39m [32m INFO[0;39m [35m12812[0;39m [2m[main][0;39m [36mDialect.java:156[0;39m [2m:[0;39m HHH000400: Using dialect: org.hibernate.dialect.MySQL5Dialect
[2m2017-10-24 12:37:15.169[0;39m [32m INFO[0;39m [35m12960[0;39m [2m[background-preinit][0;39m [36mVersion.java:30[0;39m [2m:[0;39m HV000001: Hibernate Validator 5.3.5.Final
[2m2017-10-24 14:49:04.232[0;39m [32m INFO[0;39m [35m13340[0;39m [2m[background-preinit][0;39m [36mVersion.java:30[0;39m [2m:[0;39m HV000001: Hibernate Validator 5.3.5.Final
[2m2017-10-24 14:49:06.830[0;39m [32m INFO[0;39m [35m13340[0;39m [2m[main][0;39m [36mVersion.java:37[0;39m [2m:[0;39m HHH000412: Hibernate Core {5.0.12.Final}
[2m2017-10-24 14:49:06.832[0;39m [32m INFO[0;39m [35m13340[0;39m [2m[main][0;39m [36mEnvironment.java:213[0;39m [2m:[0;39m HHH000206: hibernate.properties not found
[2m2017-10-24 14:49:06.833[0;39m [32m INFO[0;39m [35m13340[0;39m [2m[main][0;39m [36mEnvironment.java:317[0;39m [2m:[0;39m HHH000021: Bytecode provider name : javassist
[2m2017-10-24 14:49:06.882[0;39m [32m INFO[0;39m [35m13340[0;39m [2m[main][0;39m [36mJavaReflectionManager.java:66[0;39m [2m:[0;39m HCANN000001: Hibernate Commons Annotations {5.0.1.Final}
[2m2017-10-24 14:49:07.142[0;39m [32m INFO[0;39m [35m13340[0;39m [2m[main][0;39m [36mDialect.java:156[0;39m [2m:[0;39m HHH000400: Using dialect: org.hibernate.dialect.MySQL5Dialect
[2m2017-10-24 14:59:49.296[0;39m [32m INFO[0;39m [35m5308[0;39m [2m[background-preinit][0;39m [36mVersion.java:30[0;39m [2m:[0;39m HV000001: Hibernate Validator 5.3.5.Final
[2m2017-10-24 14:59:52.854[0;39m [32m INFO[0;39m [35m5308[0;39m [2m[main][0;39m [36mLogHelper.java:31[0;39m [2m:[0;39m HHH000204: Processing PersistenceUnitInfo [
	name: default
	...]
[2m2017-10-24 14:59:53.028[0;39m [32m INFO[0;39m [35m5308[0;39m [2m[main][0;39m [36mVersion.java:37[0;39m [2m:[0;39m HHH000412: Hibernate Core {5.0.12.Final}
[2m2017-10-24 14:59:53.032[0;39m [32m INFO[0;39m [35m5308[0;39m [2m[main][0;39m [36mEnvironment.java:213[0;39m [2m:[0;39m HHH000206: hibernate.properties not found
[2m2017-10-24 14:59:53.035[0;39m [32m INFO[0;39m [35m5308[0;39m [2m[main][0;39m [36mEnvironment.java:317[0;39m [2m:[0;39m HHH000021: Bytecode provider name : javassist
[2m2017-10-24 14:59:53.169[0;39m [32m INFO[0;39m [35m5308[0;39m [2m[main][0;39m [36mJavaReflectionManager.java:66[0;39m [2m:[0;39m HCANN000001: Hibernate Commons Annotations {5.0.1.Final}
[2m2017-10-24 14:59:53.465[0;39m [32m INFO[0;39m [35m5308[0;39m [2m[main][0;39m [36mDialect.java:156[0;39m [2m:[0;39m HHH000400: Using dialect: org.hibernate.dialect.MySQL5Dialect
[2m2017-10-24 14:59:54.455[0;39m [32m INFO[0;39m [35m5308[0;39m [2m[main][0;39m [36mSchemaUpdate.java:105[0;39m [2m:[0;39m HHH000228: Running hbm2ddl schema update
[2m2017-10-24 15:06:34.291[0;39m [32m INFO[0;39m [35m1156[0;39m [2m[background-preinit][0;39m [36mVersion.java:30[0;39m [2m:[0;39m HV000001: Hibernate Validator 5.3.5.Final
[2m2017-10-24 15:06:38.584[0;39m [32m INFO[0;39m [35m1156[0;39m [2m[main][0;39m [36mLogHelper.java:31[0;39m [2m:[0;39m HHH000204: Processing PersistenceUnitInfo [
	name: default
	...]
[2m2017-10-24 15:06:38.837[0;39m [32m INFO[0;39m [35m1156[0;39m [2m[main][0;39m [36mVersion.java:37[0;39m [2m:[0;39m HHH000412: Hibernate Core {5.0.12.Final}
[2m2017-10-24 15:06:38.843[0;39m [32m INFO[0;39m [35m1156[0;39m [2m[main][0;39m [36mEnvironment.java:213[0;39m [2m:[0;39m HHH000206: hibernate.properties not found
[2m2017-10-24 15:06:38.847[0;39m [32m INFO[0;39m [35m1156[0;39m [2m[main][0;39m [36mEnvironment.java:317[0;39m [2m:[0;39m HHH000021: Bytecode provider name : javassist
[2m2017-10-24 15:06:38.998[0;39m [32m INFO[0;39m [35m1156[0;39m [2m[main][0;39m [36mJavaReflectionManager.java:66[0;39m [2m:[0;39m HCANN000001: Hibernate Commons Annotations {5.0.1.Final}
[2m2017-10-24 15:06:39.406[0;39m [32m INFO[0;39m [35m1156[0;39m [2m[main][0;39m [36mDialect.java:156[0;39m [2m:[0;39m HHH000400: Using dialect: org.hibernate.dialect.MySQL5Dialect
[2m2017-10-24 15:06:40.856[0;39m [32m INFO[0;39m [35m1156[0;39m [2m[main][0;39m [36mSchemaUpdate.java:105[0;39m [2m:[0;39m HHH000228: Running hbm2ddl schema update
[2m2017-10-24 15:07:18.846[0;39m [32m INFO[0;39m [35m968[0;39m [2m[background-preinit][0;39m [36mVersion.java:30[0;39m [2m:[0;39m HV000001: Hibernate Validator 5.3.5.Final
[2m2017-10-24 15:07:22.634[0;39m [32m INFO[0;39m [35m968[0;39m [2m[main][0;39m [36mLogHelper.java:31[0;39m [2m:[0;39m HHH000204: Processing PersistenceUnitInfo [
	name: default
	...]
[2m2017-10-24 15:07:22.881[0;39m [32m INFO[0;39m [35m968[0;39m [2m[main][0;39m [36mVersion.java:37[0;39m [2m:[0;39m HHH000412: Hibernate Core {5.0.12.Final}
[2m2017-10-24 15:07:22.896[0;39m [32m INFO[0;39m [35m968[0;39m [2m[main][0;39m [36mEnvironment.java:213[0;39m [2m:[0;39m HHH000206: hibernate.properties not found
[2m2017-10-24 15:07:22.900[0;39m [32m INFO[0;39m [35m968[0;39m [2m[main][0;39m [36mEnvironment.java:317[0;39m [2m:[0;39m HHH000021: Bytecode provider name : javassist
[2m2017-10-24 15:07:23.062[0;39m [32m INFO[0;39m [35m968[0;39m [2m[main][0;39m [36mJavaReflectionManager.java:66[0;39m [2m:[0;39m HCANN000001: Hibernate Commons Annotations {5.0.1.Final}
[2m2017-10-24 15:07:23.327[0;39m [32m INFO[0;39m [35m968[0;39m [2m[main][0;39m [36mDialect.java:156[0;39m [2m:[0;39m HHH000400: Using dialect: org.hibernate.dialect.MySQL5Dialect
[2m2017-10-24 15:07:24.173[0;39m [32m INFO[0;39m [35m968[0;39m [2m[main][0;39m [36mSchemaUpdate.java:105[0;39m [2m:[0;39m HHH000228: Running hbm2ddl schema update
[2m2017-10-24 15:08:54.578[0;39m [32m INFO[0;39m [35m7900[0;39m [2m[background-preinit][0;39m [36mVersion.java:30[0;39m [2m:[0;39m HV000001: Hibernate Validator 5.3.5.Final
[2m2017-10-24 15:21:44.040[0;39m [32m INFO[0;39m [35m8552[0;39m [2m[background-preinit][0;39m [36mVersion.java:30[0;39m [2m:[0;39m HV000001: Hibernate Validator 5.3.5.Final
[2m2017-10-24 15:22:08.191[0;39m [32m INFO[0;39m [35m7632[0;39m [2m[background-preinit][0;39m [36mVersion.java:30[0;39m [2m:[0;39m HV000001: Hibernate Validator 5.3.5.Final
[2m2017-10-24 15:22:57.204[0;39m [32m INFO[0;39m [35m13608[0;39m [2m[background-preinit][0;39m [36mVersion.java:30[0;39m [2m:[0;39m HV000001: Hibernate Validator 5.3.5.Final
[2m2017-10-24 15:24:18.552[0;39m [32m INFO[0;39m [35m6552[0;39m [2m[background-preinit][0;39m [36mVersion.java:30[0;39m [2m:[0;39m HV000001: Hibernate Validator 5.3.5.Final
[2m2017-10-24 15:24:34.691[0;39m [32m INFO[0;39m [35m9696[0;39m [2m[background-preinit][0;39m [36mVersion.java:30[0;39m [2m:[0;39m HV000001: Hibernate Validator 5.3.5.Final
[2m2017-10-24 15:25:33.573[0;39m [32m INFO[0;39m [35m13512[0;39m [2m[background-preinit][0;39m [36mVersion.java:30[0;39m [2m:[0;39m HV000001: Hibernate Validator 5.3.5.Final
[2m2017-10-24 15:25:45.339[0;39m [32m INFO[0;39m [35m11200[0;39m [2m[background-preinit][0;39m [36mVersion.java:30[0;39m [2m:[0;39m HV000001: Hibernate Validator 5.3.5.Final
[2m2017-10-24 15:26:50.230[0;39m [32m INFO[0;39m [35m724[0;39m [2m[background-preinit][0;39m [36mVersion.java:30[0;39m [2m:[0;39m HV000001: Hibernate Validator 5.3.5.Final
[2m2017-10-24 15:29:16.985[0;39m [32m INFO[0;39m [35m5484[0;39m [2m[background-preinit][0;39m [36mVersion.java:30[0;39m [2m:[0;39m HV000001: Hibernate Validator 5.3.5.Final
[2m2017-10-24 15:30:34.261[0;39m [32m INFO[0;39m [35m13792[0;39m [2m[background-preinit][0;39m [36mVersion.java:30[0;39m [2m:[0;39m HV000001: Hibernate Validator 5.3.5.Final
[2m2017-10-24 15:31:18.818[0;39m [32m INFO[0;39m [35m4172[0;39m [2m[background-preinit][0;39m [36mVersion.java:30[0;39m [2m:[0;39m HV000001: Hibernate Validator 5.3.5.Final
[2m2017-10-24 15:31:52.630[0;39m [32m INFO[0;39m [35m4172[0;39m [2m[main][0;39m [36mLogHelper.java:31[0;39m [2m:[0;39m HHH000204: Processing PersistenceUnitInfo [
	name: default
	...]
[2m2017-10-24 15:31:52.850[0;39m [32m INFO[0;39m [35m4172[0;39m [2m[main][0;39m [36mVersion.java:37[0;39m [2m:[0;39m HHH000412: Hibernate Core {5.0.12.Final}
[2m2017-10-24 15:31:52.855[0;39m [32m INFO[0;39m [35m4172[0;39m [2m[main][0;39m [36mEnvironment.java:213[0;39m [2m:[0;39m HHH000206: hibernate.properties not found
[2m2017-10-24 15:31:52.859[0;39m [32m INFO[0;39m [35m4172[0;39m [2m[main][0;39m [36mEnvironment.java:317[0;39m [2m:[0;39m HHH000021: Bytecode provider name : javassist
[2m2017-10-24 15:31:53.013[0;39m [32m INFO[0;39m [35m4172[0;39m [2m[main][0;39m [36mJavaReflectionManager.java:66[0;39m [2m:[0;39m HCANN000001: Hibernate Commons Annotations {5.0.1.Final}
[2m2017-10-24 15:31:53.424[0;39m [32m INFO[0;39m [35m4172[0;39m [2m[main][0;39m [36mDialect.java:156[0;39m [2m:[0;39m HHH000400: Using dialect: org.hibernate.dialect.MySQL5Dialect
[2m2017-10-24 15:31:55.014[0;39m [32m INFO[0;39m [35m4172[0;39m [2m[main][0;39m [36mSchemaUpdate.java:105[0;39m [2m:[0;39m HHH000228: Running hbm2ddl schema update
[2m2017-10-24 15:32:12.837[0;39m [32m INFO[0;39m [35m13720[0;39m [2m[background-preinit][0;39m [36mVersion.java:30[0;39m [2m:[0;39m HV000001: Hibernate Validator 5.3.5.Final
[2m2017-10-24 15:32:25.295[0;39m [32m INFO[0;39m [35m13720[0;39m [2m[main][0;39m [36mLogHelper.java:31[0;39m [2m:[0;39m HHH000204: Processing PersistenceUnitInfo [
	name: default
	...]
[2m2017-10-24 15:32:25.510[0;39m [32m INFO[0;39m [35m13720[0;39m [2m[main][0;39m [36mVersion.java:37[0;39m [2m:[0;39m HHH000412: Hibernate Core {5.0.12.Final}
[2m2017-10-24 15:32:25.515[0;39m [32m INFO[0;39m [35m13720[0;39m [2m[main][0;39m [36mEnvironment.java:213[0;39m [2m:[0;39m HHH000206: hibernate.properties not found
[2m2017-10-24 15:32:25.519[0;39m [32m INFO[0;39m [35m13720[0;39m [2m[main][0;39m [36mEnvironment.java:317[0;39m [2m:[0;39m HHH000021: Bytecode provider name : javassist
[2m2017-10-24 15:32:25.662[0;39m [32m INFO[0;39m [35m13720[0;39m [2m[main][0;39m [36mJavaReflectionManager.java:66[0;39m [2m:[0;39m HCANN000001: Hibernate Commons Annotations {5.0.1.Final}
[2m2017-10-24 15:32:26.027[0;39m [32m INFO[0;39m [35m13720[0;39m [2m[main][0;39m [36mDialect.java:156[0;39m [2m:[0;39m HHH000400: Using dialect: org.hibernate.dialect.MySQL5Dialect
[2m2017-10-24 15:32:27.343[0;39m [32m INFO[0;39m [35m13720[0;39m [2m[main][0;39m [36mSchemaUpdate.java:105[0;39m [2m:[0;39m HHH000228: Running hbm2ddl schema update
[2m2017-10-24 15:33:01.791[0;39m [32m INFO[0;39m [35m14292[0;39m [2m[background-preinit][0;39m [36mVersion.java:30[0;39m [2m:[0;39m HV000001: Hibernate Validator 5.3.5.Final
[2m2017-10-24 15:33:05.738[0;39m [32m INFO[0;39m [35m14292[0;39m [2m[main][0;39m [36mLogHelper.java:31[0;39m [2m:[0;39m HHH000204: Processing PersistenceUnitInfo [
	name: default
	...]
[2m2017-10-24 15:33:05.916[0;39m [32m INFO[0;39m [35m14292[0;39m [2m[main][0;39m [36mVersion.java:37[0;39m [2m:[0;39m HHH000412: Hibernate Core {5.0.12.Final}
[2m2017-10-24 15:33:05.920[0;39m [32m INFO[0;39m [35m14292[0;39m [2m[main][0;39m [36mEnvironment.java:213[0;39m [2m:[0;39m HHH000206: hibernate.properties not found
[2m2017-10-24 15:33:05.924[0;39m [32m INFO[0;39m [35m14292[0;39m [2m[main][0;39m [36mEnvironment.java:317[0;39m [2m:[0;39m HHH000021: Bytecode provider name : javassist
[2m2017-10-24 15:33:06.051[0;39m [32m INFO[0;39m [35m14292[0;39m [2m[main][0;39m [36mJavaReflectionManager.java:66[0;39m [2m:[0;39m HCANN000001: Hibernate Commons Annotations {5.0.1.Final}
[2m2017-10-24 15:33:06.335[0;39m [32m INFO[0;39m [35m14292[0;39m [2m[main][0;39m [36mDialect.java:156[0;39m [2m:[0;39m HHH000400: Using dialect: org.hibernate.dialect.MySQL5Dialect
[2m2017-10-24 15:33:07.481[0;39m [32m INFO[0;39m [35m14292[0;39m [2m[main][0;39m [36mSchemaUpdate.java:105[0;39m [2m:[0;39m HHH000228: Running hbm2ddl schema update
[2m2017-10-24 15:33:28.922[0;39m [32m INFO[0;39m [35m13664[0;39m [2m[background-preinit][0;39m [36mVersion.java:30[0;39m [2m:[0;39m HV000001: Hibernate Validator 5.3.5.Final
[2m2017-10-24 15:34:05.724[0;39m [32m INFO[0;39m [35m13664[0;39m [2m[main][0;39m [36mLogHelper.java:31[0;39m [2m:[0;39m HHH000204: Processing PersistenceUnitInfo [
	name: default
	...]
[2m2017-10-24 15:34:05.964[0;39m [32m INFO[0;39m [35m13664[0;39m [2m[main][0;39m [36mVersion.java:37[0;39m [2m:[0;39m HHH000412: Hibernate Core {5.0.12.Final}
[2m2017-10-24 15:34:05.970[0;39m [32m INFO[0;39m [35m13664[0;39m [2m[main][0;39m [36mEnvironment.java:213[0;39m [2m:[0;39m HHH000206: hibernate.properties not found
[2m2017-10-24 15:34:05.975[0;39m [32m INFO[0;39m [35m13664[0;39m [2m[main][0;39m [36mEnvironment.java:317[0;39m [2m:[0;39m HHH000021: Bytecode provider name : javassist
[2m2017-10-24 15:34:06.131[0;39m [32m INFO[0;39m [35m13664[0;39m [2m[main][0;39m [36mJavaReflectionManager.java:66[0;39m [2m:[0;39m HCANN000001: Hibernate Commons Annotations {5.0.1.Final}
[2m2017-10-24 15:34:06.494[0;39m [32m INFO[0;39m [35m13664[0;39m [2m[main][0;39m [36mDialect.java:156[0;39m [2m:[0;39m HHH000400: Using dialect: org.hibernate.dialect.MySQL5Dialect
[2m2017-10-24 15:34:07.983[0;39m [32m INFO[0;39m [35m13664[0;39m [2m[main][0;39m [36mSchemaUpdate.java:105[0;39m [2m:[0;39m HHH000228: Running hbm2ddl schema update
[2m2017-10-24 15:34:24.049[0;39m [32m INFO[0;39m [35m5308[0;39m [2m[background-preinit][0;39m [36mVersion.java:30[0;39m [2m:[0;39m HV000001: Hibernate Validator 5.3.5.Final
[2m2017-10-24 15:35:48.664[0;39m [32m INFO[0;39m [35m5308[0;39m [2m[main][0;39m [36mLogHelper.java:31[0;39m [2m:[0;39m HHH000204: Processing PersistenceUnitInfo [
	name: default
	...]
[2m2017-10-24 15:35:49.970[0;39m [32m INFO[0;39m [35m5308[0;39m [2m[main][0;39m [36mVersion.java:37[0;39m [2m:[0;39m HHH000412: Hibernate Core {5.0.12.Final}
[2m2017-10-24 15:35:50.005[0;39m [32m INFO[0;39m [35m5308[0;39m [2m[main][0;39m [36mEnvironment.java:213[0;39m [2m:[0;39m HHH000206: hibernate.properties not found
[2m2017-10-24 15:35:50.016[0;39m [32m INFO[0;39m [35m5308[0;39m [2m[main][0;39m [36mEnvironment.java:317[0;39m [2m:[0;39m HHH000021: Bytecode provider name : javassist
[2m2017-10-24 15:35:50.619[0;39m [32m INFO[0;39m [35m5308[0;39m [2m[main][0;39m [36mJavaReflectionManager.java:66[0;39m [2m:[0;39m HCANN000001: Hibernate Commons Annotations {5.0.1.Final}
[2m2017-10-24 15:35:52.414[0;39m [32m INFO[0;39m [35m5308[0;39m [2m[main][0;39m [36mDialect.java:156[0;39m [2m:[0;39m HHH000400: Using dialect: org.hibernate.dialect.MySQL5Dialect
[2m2017-10-24 15:35:59.608[0;39m [32m INFO[0;39m [35m5308[0;39m [2m[main][0;39m [36mSchemaUpdate.java:105[0;39m [2m:[0;39m HHH000228: Running hbm2ddl schema update
[2m2017-10-24 15:36:59.042[0;39m [32m INFO[0;39m [35m8816[0;39m [2m[background-preinit][0;39m [36mVersion.java:30[0;39m [2m:[0;39m HV000001: Hibernate Validator 5.3.5.Final
[2m2017-10-24 15:37:03.625[0;39m [32m INFO[0;39m [35m8816[0;39m [2m[main][0;39m [36mLogHelper.java:31[0;39m [2m:[0;39m HHH000204: Processing PersistenceUnitInfo [
	name: default
	...]
[2m2017-10-24 15:37:03.891[0;39m [32m INFO[0;39m [35m8816[0;39m [2m[main][0;39m [36mVersion.java:37[0;39m [2m:[0;39m HHH000412: Hibernate Core {5.0.12.Final}
[2m2017-10-24 15:37:03.898[0;39m [32m INFO[0;39m [35m8816[0;39m [2m[main][0;39m [36mEnvironment.java:213[0;39m [2m:[0;39m HHH000206: hibernate.properties not found
[2m2017-10-24 15:37:03.903[0;39m [32m INFO[0;39m [35m8816[0;39m [2m[main][0;39m [36mEnvironment.java:317[0;39m [2m:[0;39m HHH000021: Bytecode provider name : javassist
[2m2017-10-24 15:37:04.074[0;39m [32m INFO[0;39m [35m8816[0;39m [2m[main][0;39m [36mJavaReflectionManager.java:66[0;39m [2m:[0;39m HCANN000001: Hibernate Commons Annotations {5.0.1.Final}
[2m2017-10-24 15:37:04.550[0;39m [32m INFO[0;39m [35m8816[0;39m [2m[main][0;39m [36mDialect.java:156[0;39m [2m:[0;39m HHH000400: Using dialect: org.hibernate.dialect.MySQL5Dialect
[2m2017-10-24 15:37:06.022[0;39m [32m INFO[0;39m [35m8816[0;39m [2m[main][0;39m [36mSchemaUpdate.java:105[0;39m [2m:[0;39m HHH000228: Running hbm2ddl schema update
[2m2017-10-24 15:37:30.437[0;39m [32m INFO[0;39m [35m13980[0;39m [2m[background-preinit][0;39m [36mVersion.java:30[0;39m [2m:[0;39m HV000001: Hibernate Validator 5.3.5.Final
[2m2017-10-24 15:37:34.758[0;39m [32m INFO[0;39m [35m13980[0;39m [2m[main][0;39m [36mLogHelper.java:31[0;39m [2m:[0;39m HHH000204: Processing PersistenceUnitInfo [
	name: default
	...]
[2m2017-10-24 15:37:35.004[0;39m [32m INFO[0;39m [35m13980[0;39m [2m[main][0;39m [36mVersion.java:37[0;39m [2m:[0;39m HHH000412: Hibernate Core {5.0.12.Final}
[2m2017-10-24 15:37:35.010[0;39m [32m INFO[0;39m [35m13980[0;39m [2m[main][0;39m [36mEnvironment.java:213[0;39m [2m:[0;39m HHH000206: hibernate.properties not found
[2m2017-10-24 15:37:35.014[0;39m [32m INFO[0;39m [35m13980[0;39m [2m[main][0;39m [36mEnvironment.java:317[0;39m [2m:[0;39m HHH000021: Bytecode provider name : javassist
[2m2017-10-24 15:37:35.157[0;39m [32m INFO[0;39m [35m13980[0;39m [2m[main][0;39m [36mJavaReflectionManager.java:66[0;39m [2m:[0;39m HCANN000001: Hibernate Commons Annotations {5.0.1.Final}
[2m2017-10-24 15:37:35.533[0;39m [32m INFO[0;39m [35m13980[0;39m [2m[main][0;39m [36mDialect.java:156[0;39m [2m:[0;39m HHH000400: Using dialect: org.hibernate.dialect.MySQL5Dialect
[2m2017-10-24 15:37:36.932[0;39m [32m INFO[0;39m [35m13980[0;39m [2m[main][0;39m [36mSchemaUpdate.java:105[0;39m [2m:[0;39m HHH000228: Running hbm2ddl schema update
[2m2017-10-24 15:41:19.157[0;39m [32m INFO[0;39m [35m13580[0;39m [2m[background-preinit][0;39m [36mVersion.java:30[0;39m [2m:[0;39m HV000001: Hibernate Validator 5.3.5.Final
[2m2017-10-24 15:41:24.048[0;39m [32m INFO[0;39m [35m13580[0;39m [2m[main][0;39m [36mLogHelper.java:31[0;39m [2m:[0;39m HHH000204: Processing PersistenceUnitInfo [
	name: default
	...]
[2m2017-10-24 15:41:24.255[0;39m [32m INFO[0;39m [35m13580[0;39m [2m[main][0;39m [36mVersion.java:37[0;39m [2m:[0;39m HHH000412: Hibernate Core {5.0.12.Final}
[2m2017-10-24 15:41:24.261[0;39m [32m INFO[0;39m [35m13580[0;39m [2m[main][0;39m [36mEnvironment.java:213[0;39m [2m:[0;39m HHH000206: hibernate.properties not found
[2m2017-10-24 15:41:24.265[0;39m [32m INFO[0;39m [35m13580[0;39m [2m[main][0;39m [36mEnvironment.java:317[0;39m [2m:[0;39m HHH000021: Bytecode provider name : javassist
[2m2017-10-24 15:41:24.420[0;39m [32m INFO[0;39m [35m13580[0;39m [2m[main][0;39m [36mJavaReflectionManager.java:66[0;39m [2m:[0;39m HCANN000001: Hibernate Commons Annotations {5.0.1.Final}
[2m2017-10-24 15:41:24.796[0;39m [32m INFO[0;39m [35m13580[0;39m [2m[main][0;39m [36mDialect.java:156[0;39m [2m:[0;39m HHH000400: Using dialect: org.hibernate.dialect.MySQL5Dialect
[2m2017-10-24 15:41:26.186[0;39m [32m INFO[0;39m [35m13580[0;39m [2m[main][0;39m [36mSchemaUpdate.java:105[0;39m [2m:[0;39m HHH000228: Running hbm2ddl schema update
[2m2017-10-24 15:43:21.693[0;39m [32m INFO[0;39m [35m8812[0;39m [2m[background-preinit][0;39m [36mVersion.java:30[0;39m [2m:[0;39m HV000001: Hibernate Validator 5.3.5.Final
[2m2017-10-24 15:43:26.093[0;39m [32m INFO[0;39m [35m8812[0;39m [2m[main][0;39m [36mLogHelper.java:31[0;39m [2m:[0;39m HHH000204: Processing PersistenceUnitInfo [
	name: default
	...]
[2m2017-10-24 15:43:26.232[0;39m [32m INFO[0;39m [35m8812[0;39m [2m[main][0;39m [36mVersion.java:37[0;39m [2m:[0;39m HHH000412: Hibernate Core {5.0.12.Final}
[2m2017-10-24 15:43:26.236[0;39m [32m INFO[0;39m [35m8812[0;39m [2m[main][0;39m [36mEnvironment.java:213[0;39m [2m:[0;39m HHH000206: hibernate.properties not found
[2m2017-10-24 15:43:26.238[0;39m [32m INFO[0;39m [35m8812[0;39m [2m[main][0;39m [36mEnvironment.java:317[0;39m [2m:[0;39m HHH000021: Bytecode provider name : javassist
[2m2017-10-24 15:43:26.378[0;39m [32m INFO[0;39m [35m8812[0;39m [2m[main][0;39m [36mJavaReflectionManager.java:66[0;39m [2m:[0;39m HCANN000001: Hibernate Commons Annotations {5.0.1.Final}
[2m2017-10-24 15:43:26.763[0;39m [32m INFO[0;39m [35m8812[0;39m [2m[main][0;39m [36mDialect.java:156[0;39m [2m:[0;39m HHH000400: Using dialect: org.hibernate.dialect.MySQL5Dialect
[2m2017-10-24 15:43:29.207[0;39m [32m INFO[0;39m [35m8812[0;39m [2m[main][0;39m [36mSchemaUpdate.java:105[0;39m [2m:[0;39m HHH000228: Running hbm2ddl schema update
[2m2017-10-24 15:44:01.947[0;39m [32m INFO[0;39m [35m7540[0;39m [2m[background-preinit][0;39m [36mVersion.java:30[0;39m [2m:[0;39m HV000001: Hibernate Validator 5.3.5.Final
[2m2017-10-24 15:44:07.006[0;39m [32m INFO[0;39m [35m7540[0;39m [2m[main][0;39m [36mLogHelper.java:31[0;39m [2m:[0;39m HHH000204: Processing PersistenceUnitInfo [
	name: default
	...]
[2m2017-10-24 15:44:07.216[0;39m [32m INFO[0;39m [35m7540[0;39m [2m[main][0;39m [36mVersion.java:37[0;39m [2m:[0;39m HHH000412: Hibernate Core {5.0.12.Final}
[2m2017-10-24 15:44:07.222[0;39m [32m INFO[0;39m [35m7540[0;39m [2m[main][0;39m [36mEnvironment.java:213[0;39m [2m:[0;39m HHH000206: hibernate.properties not found
[2m2017-10-24 15:44:07.226[0;39m [32m INFO[0;39m [35m7540[0;39m [2m[main][0;39m [36mEnvironment.java:317[0;39m [2m:[0;39m HHH000021: Bytecode provider name : javassist
[2m2017-10-24 15:44:07.377[0;39m [32m INFO[0;39m [35m7540[0;39m [2m[main][0;39m [36mJavaReflectionManager.java:66[0;39m [2m:[0;39m HCANN000001: Hibernate Commons Annotations {5.0.1.Final}
[2m2017-10-24 15:44:07.764[0;39m [32m INFO[0;39m [35m7540[0;39m [2m[main][0;39m [36mDialect.java:156[0;39m [2m:[0;39m HHH000400: Using dialect: org.hibernate.dialect.MySQL5Dialect
[2m2017-10-24 15:44:09.156[0;39m [32m INFO[0;39m [35m7540[0;39m [2m[main][0;39m [36mSchemaUpdate.java:105[0;39m [2m:[0;39m HHH000228: Running hbm2ddl schema update
[2m2017-10-24 15:45:10.937[0;39m [32m INFO[0;39m [35m10756[0;39m [2m[background-preinit][0;39m [36mVersion.java:30[0;39m [2m:[0;39m HV000001: Hibernate Validator 5.3.5.Final
[2m2017-10-24 15:48:54.571[0;39m [32m INFO[0;39m [35m13664[0;39m [2m[background-preinit][0;39m [36mVersion.java:30[0;39m [2m:[0;39m HV000001: Hibernate Validator 5.3.5.Final
[2m2017-10-24 15:48:59.532[0;39m [32m INFO[0;39m [35m13664[0;39m [2m[main][0;39m [36mLogHelper.java:31[0;39m [2m:[0;39m HHH000204: Processing PersistenceUnitInfo [
	name: default
	...]
[2m2017-10-24 15:48:59.737[0;39m [32m INFO[0;39m [35m13664[0;39m [2m[main][0;39m [36mVersion.java:37[0;39m [2m:[0;39m HHH000412: Hibernate Core {5.0.12.Final}
[2m2017-10-24 15:48:59.744[0;39m [32m INFO[0;39m [35m13664[0;39m [2m[main][0;39m [36mEnvironment.java:213[0;39m [2m:[0;39m HHH000206: hibernate.properties not found
[2m2017-10-24 15:48:59.748[0;39m [32m INFO[0;39m [35m13664[0;39m [2m[main][0;39m [36mEnvironment.java:317[0;39m [2m:[0;39m HHH000021: Bytecode provider name : javassist
[2m2017-10-24 15:48:59.903[0;39m [32m INFO[0;39m [35m13664[0;39m [2m[main][0;39m [36mJavaReflectionManager.java:66[0;39m [2m:[0;39m HCANN000001: Hibernate Commons Annotations {5.0.1.Final}
[2m2017-10-24 15:49:00.279[0;39m [32m INFO[0;39m [35m13664[0;39m [2m[main][0;39m [36mDialect.java:156[0;39m [2m:[0;39m HHH000400: Using dialect: org.hibernate.dialect.MySQL5Dialect
[2m2017-10-24 15:49:01.693[0;39m [32m INFO[0;39m [35m13664[0;39m [2m[main][0;39m [36mSchemaUpdate.java:105[0;39m [2m:[0;39m HHH000228: Running hbm2ddl schema update
[2m2017-10-24 16:06:31.803[0;39m [32m INFO[0;39m [35m11284[0;39m [2m[background-preinit][0;39m [36mVersion.java:30[0;39m [2m:[0;39m HV000001: Hibernate Validator 5.3.5.Final
[2m2017-10-24 16:06:35.956[0;39m [32m INFO[0;39m [35m11284[0;39m [2m[main][0;39m [36mLogHelper.java:31[0;39m [2m:[0;39m HHH000204: Processing PersistenceUnitInfo [
	name: default
	...]
[2m2017-10-24 16:06:36.178[0;39m [32m INFO[0;39m [35m11284[0;39m [2m[main][0;39m [36mVersion.java:37[0;39m [2m:[0;39m HHH000412: Hibernate Core {5.0.12.Final}
[2m2017-10-24 16:06:36.186[0;39m [32m INFO[0;39m [35m11284[0;39m [2m[main][0;39m [36mEnvironment.java:213[0;39m [2m:[0;39m HHH000206: hibernate.properties not found
[2m2017-10-24 16:06:36.190[0;39m [32m INFO[0;39m [35m11284[0;39m [2m[main][0;39m [36mEnvironment.java:317[0;39m [2m:[0;39m HHH000021: Bytecode provider name : javassist
[2m2017-10-24 16:06:36.339[0;39m [32m INFO[0;39m [35m11284[0;39m [2m[main][0;39m [36mJavaReflectionManager.java:66[0;39m [2m:[0;39m HCANN000001: Hibernate Commons Annotations {5.0.1.Final}
[2m2017-10-24 16:06:36.720[0;39m [32m INFO[0;39m [35m11284[0;39m [2m[main][0;39m [36mDialect.java:156[0;39m [2m:[0;39m HHH000400: Using dialect: org.hibernate.dialect.MySQL5Dialect
[2m2017-10-24 16:06:38.133[0;39m [32m INFO[0;39m [35m11284[0;39m [2m[main][0;39m [36mSchemaUpdate.java:105[0;39m [2m:[0;39m HHH000228: Running hbm2ddl schema update
[2m2017-10-24 16:12:45.922[0;39m [32m INFO[0;39m [35m12948[0;39m [2m[background-preinit][0;39m [36mVersion.java:30[0;39m [2m:[0;39m HV000001: Hibernate Validator 5.3.5.Final
[2m2017-10-24 16:12:51.527[0;39m [32m INFO[0;39m [35m12948[0;39m [2m[main][0;39m [36mLogHelper.java:31[0;39m [2m:[0;39m HHH000204: Processing PersistenceUnitInfo [
	name: default
	...]
[2m2017-10-24 16:12:51.980[0;39m [32m INFO[0;39m [35m12948[0;39m [2m[main][0;39m [36mVersion.java:37[0;39m [2m:[0;39m HHH000412: Hibernate Core {5.0.12.Final}
[2m2017-10-24 16:12:51.983[0;39m [32m INFO[0;39m [35m12948[0;39m [2m[main][0;39m [36mEnvironment.java:213[0;39m [2m:[0;39m HHH000206: hibernate.properties not found
[2m2017-10-24 16:12:51.986[0;39m [32m INFO[0;39m [35m12948[0;39m [2m[main][0;39m [36mEnvironment.java:317[0;39m [2m:[0;39m HHH000021: Bytecode provider name : javassist
[2m2017-10-24 16:12:52.083[0;39m [32m INFO[0;39m [35m12948[0;39m [2m[main][0;39m [36mJavaReflectionManager.java:66[0;39m [2m:[0;39m HCANN000001: Hibernate Commons Annotations {5.0.1.Final}
[2m2017-10-24 16:12:52.378[0;39m [32m INFO[0;39m [35m12948[0;39m [2m[main][0;39m [36mDialect.java:156[0;39m [2m:[0;39m HHH000400: Using dialect: org.hibernate.dialect.MySQL5Dialect
[2m2017-10-24 16:12:52.807[0;39m [32m INFO[0;39m [35m12948[0;39m [2m[main][0;39m [36mSchemaUpdate.java:105[0;39m [2m:[0;39m HHH000228: Running hbm2ddl schema update
[2m2017-10-24 16:16:07.425[0;39m [32m INFO[0;39m [35m10124[0;39m [2m[background-preinit][0;39m [36mVersion.java:30[0;39m [2m:[0;39m HV000001: Hibernate Validator 5.3.5.Final
[2m2017-10-24 16:16:41.515[0;39m [32m INFO[0;39m [35m7888[0;39m [2m[background-preinit][0;39m [36mVersion.java:30[0;39m [2m:[0;39m HV000001: Hibernate Validator 5.3.5.Final
[2m2017-10-24 16:17:06.744[0;39m [32m INFO[0;39m [35m13600[0;39m [2m[background-preinit][0;39m [36mVersion.java:30[0;39m [2m:[0;39m HV000001: Hibernate Validator 5.3.5.Final
[2m2017-10-24 16:19:12.052[0;39m [32m INFO[0;39m [35m3888[0;39m [2m[background-preinit][0;39m [36mVersion.java:30[0;39m [2m:[0;39m HV000001: Hibernate Validator 5.3.5.Final
[2m2017-10-24 16:19:31.544[0;39m [32m INFO[0;39m [35m13372[0;39m [2m[background-preinit][0;39m [36mVersion.java:30[0;39m [2m:[0;39m HV000001: Hibernate Validator 5.3.5.Final
[2m2017-10-24 16:19:51.367[0;39m [32m INFO[0;39m [35m8788[0;39m [2m[background-preinit][0;39m [36mVersion.java:30[0;39m [2m:[0;39m HV000001: Hibernate Validator 5.3.5.Final
[2m2017-10-24 16:22:35.670[0;39m [32m INFO[0;39m [35m652[0;39m [2m[background-preinit][0;39m [36mVersion.java:30[0;39m [2m:[0;39m HV000001: Hibernate Validator 5.3.5.Final
